#
# A fatal error has been detected by the Java Runtime Environment:
#
#  Internal Error (javaClasses.cpp:129), pid=8144, tid=7752
#  fatal error: Invalid layout of preloaded class
#
# JRE version: 7.0_21-b11
# Java VM: Java HotSpot(TM) 64-Bit Server VM (23.21-b01 mixed mode windows-amd64 compressed oops)
# Failed to write core dump. Minidumps are not enabled by default on client versions of Windows
#
# If you would like to submit a bug report, please visit:
#   http://bugreport.sun.com/bugreport/crash.jsp
#

---------------  T H R E A D  ---------------

Current thread (0x000000000224e800):  JavaThread "Unknown thread" [_thread_in_vm, id=7752, stack(0x0000000002120000,0x0000000002220000)]

Stack: [0x0000000002120000,0x0000000002220000]

---------------  P R O C E S S  ---------------

Java Threads: ( => current thread )

Other Threads:

=>0x000000000224e800 (exited) JavaThread "Unknown thread" [_thread_in_vm, id=7752, stack(0x0000000002120000,0x0000000002220000)]

VM state:not at safepoint (not fully initialized)

VM Mutex/Monitor currently owned by a thread: None

GC Heap History (0 events):
No events

Deoptimization events (0 events):
No events

Internal exceptions (0 events):
No events

Events (10 events):
Event: 0.037 loading class 0x0000000002365160 done
Event: 0.038 loading class 0x000000000232a910 done
Event: 0.038 loading class 0x000000000232a880
Event: 0.039 loading class 0x00000000083ce760
Event: 0.039 loading class 0x00000000083ce760 done
Event: 0.039 loading class 0x00000000083cef60
Event: 0.040 loading class 0x00000000083cef60 done
Event: 0.040 loading class 0x00000000083cfaa0
Event: 0.040 loading class 0x00000000083cfaa0 done
Event: 0.040 loading class 0x000000000232a880 done


Dynamic libraries:
0x000007f77b960000 - 0x000007f77b993000 	C:\Program Files\Java\jdk1.7.0_21\bin\javaw.exe
0x000007fc88a30000 - 0x000007fc88bf0000 	C:\windows\SYSTEM32\ntdll.dll
0x000007fc85e30000 - 0x000007fc85f66000 	C:\windows\system32\KERNEL32.DLL
0x000007fc85cc0000 - 0x000007fc85db3000 	C:\windows\system32\KERNELBASE.dll
0x000007fc888e0000 - 0x000007fc889be000 	C:\windows\system32\ADVAPI32.dll
0x000007fc884b0000 - 0x000007fc885fc000 	C:\windows\system32\USER32.dll
0x000007fc83e00000 - 0x000007fc8406a000 	C:\windows\WinSxS\amd64_microsoft.windows.common-controls_6595b64144ccf1df_6.0.9200.16579_none_418ab7ef718b27ef\COMCTL32.dll
0x000007fc865b0000 - 0x000007fc86655000 	C:\windows\system32\msvcrt.dll
0x000007fc85f70000 - 0x000007fc85fb8000 	C:\windows\SYSTEM32\sechost.dll
0x000007fc88750000 - 0x000007fc88895000 	C:\windows\system32\RPCRT4.dll
0x000007fc860b0000 - 0x000007fc861f1000 	C:\windows\system32\GDI32.dll
0x000007fc888a0000 - 0x000007fc888d9000 	C:\windows\system32\IMM32.DLL
0x000007fc88620000 - 0x000007fc88736000 	C:\windows\system32\MSCTF.dll
0x000000006e470000 - 0x000000006e541000 	C:\Program Files\Java\jdk1.7.0_21\jre\bin\msvcr100.dll
0x000000006c740000 - 0x000000006ce61000 	C:\Program Files\Java\jdk1.7.0_21\jre\bin\server\jvm.dll
0x000007fc76770000 - 0x000007fc76779000 	C:\windows\SYSTEM32\WSOCK32.dll
0x000007fc80f90000 - 0x000007fc80fb0000 	C:\windows\SYSTEM32\WINMM.dll
0x000007fc88740000 - 0x000007fc88747000 	C:\windows\system32\PSAPI.DLL
0x000007fc86800000 - 0x000007fc86858000 	C:\windows\system32\WS2_32.dll
0x000007fc80f50000 - 0x000007fc80f83000 	C:\windows\SYSTEM32\WINMMBASE.dll
0x000007fc85e20000 - 0x000007fc85e29000 	C:\windows\system32\NSI.dll
0x000007fc85c70000 - 0x000007fc85cbf000 	C:\windows\SYSTEM32\cfgmgr32.dll
0x000007fc85a60000 - 0x000007fc85a82000 	C:\windows\system32\DEVOBJ.dll
0x000000006ea80000 - 0x000000006ea8f000 	C:\Program Files\Java\jdk1.7.0_21\jre\bin\verify.dll
0x000000006ea50000 - 0x000000006ea78000 	C:\Program Files\Java\jdk1.7.0_21\jre\bin\java.dll
0x000000006ea30000 - 0x000000006ea45000 	C:\Program Files\Java\jdk1.7.0_21\jre\bin\zip.dll

VM Arguments:
jvm_args: -Dfile.encoding=Cp1252 -Xbootclasspath:C:\Android\sdk\platforms\android-19\android.jar 
java_command: com.ihm.project.utils.XMLMapParser
Launcher Type: SUN_STANDARD

Environment Variables:
JAVA_HOME=C:\Program Files\Java\jdk1.7.0_21\
PATH=C:/Program Files/Java/jdk1.7.0_21/bin/../jre/bin/server;C:/Program Files/Java/jdk1.7.0_21/bin/../jre/bin;C:/Program Files/Java/jdk1.7.0_21/bin/../jre/lib/amd64;c:\Program Files (x86)\Intel\iCLS Client\;c:\Program Files\Intel\iCLS Client\;C:\windows\system32;C:\windows;C:\windows\System32\Wbem;C:\windows\System32\WindowsPowerShell\v1.0\;C:\Program Files\Intel\Intel(R) Management Engine Components\DAL;C:\Program Files\Intel\Intel(R) Management Engine Components\IPT;C:\Program Files (x86)\Intel\Intel(R) Management Engine Components\DAL;C:\Program Files (x86)\Intel\Intel(R) Management Engine Components\IPT;C:\Program Files (x86)\Windows Live\Shared;C:\Program Files\TortoiseSVN\bin;C:\Program Files\NetBeans 7.4\java\maven\bin;C:\MinGW\bin;C:\Qt\Qt5.2.0\5.2.0\msvc2012_64\bin;C:\Qt\Qt5.2.0\Tools\QtCreator\bin;C:\Program Files (x86)\Windows Kits\8.0\Windows Performance Toolkit\;C:\Program Files\Java\jdk1.7.0_21\bin;C:\outils_java\ant\bin;C:\xampp\php;AXIS2_HOME;STARDOG_HOME\bin;GLASSFISH_HOME\bin;CYGWIN_PATH;MVN_PATH;C:\Android\eclipse;
USERNAME=Net-Transact-1
OS=Windows_NT
PROCESSOR_IDENTIFIER=Intel64 Family 6 Model 58 Stepping 9, GenuineIntel



---------------  S Y S T E M  ---------------

OS: Windows 8 , 64 bit Build 9200 

CPU:total 2 (2 cores per cpu, 1 threads per core) family 6 model 58 stepping 9, cmov, cx8, fxsr, mmx, sse, sse2, sse3, ssse3, sse4.1, sse4.2, popcnt, tsc, tscinvbit, tscinv

Memory: 4k page, physical 4060436k(1155928k free), swap 7992596k(1652892k free)

vm_info: Java HotSpot(TM) 64-Bit Server VM (23.21-b01) for windows-amd64 JRE (1.7.0_21-b11), built on Apr  4 2013 08:11:28 by "java_re" with unknown MS VC++:1600

time: Sat Mar 29 23:14:23 2014
elapsed time: 0 seconds

